{"/Users/liuhuizhi/Desktop/Huffman/huffman.js":{"path":"/Users/liuhuizhi/Desktop/Huffman/huffman.js","s":{"1":1,"2":1,"3":1,"4":1,"5":1,"6":47,"7":20,"8":27,"9":1,"10":1,"11":1,"12":20,"13":1,"14":46,"15":46,"16":46,"17":1,"18":92,"19":92,"20":92,"21":3562,"22":92,"23":92,"24":92,"25":2832,"26":35,"27":35,"28":92,"29":92,"30":1,"31":1,"32":1,"33":1,"34":1,"35":47,"36":47,"37":47,"38":47,"39":47,"40":1,"41":46,"42":46,"43":46,"44":46,"45":46,"46":1,"47":1,"48":46,"49":46,"50":46,"51":46,"52":46,"53":46,"54":1,"55":1,"56":1,"57":47,"58":47,"59":47,"60":47,"61":278,"62":121,"63":157,"64":278,"65":278,"66":47,"67":47},"b":{"1":[20,27],"2":[35,2797],"3":[2832,416],"4":[121,157]},"f":{"1":47},"fnMap":{"1":{"name":"(anonymous_1)","line":8,"loc":{"start":{"line":8,"column":27},"end":{"line":8,"column":42}}}},"statementMap":{"1":{"start":{"line":2,"column":4},"end":{"line":2,"column":70}},"2":{"start":{"line":4,"column":4},"end":{"line":4,"column":51}},"3":{"start":{"line":6,"column":4},"end":{"line":6,"column":25}},"4":{"start":{"line":7,"column":4},"end":{"line":7,"column":16}},"5":{"start":{"line":8,"column":4},"end":{"line":14,"column":6}},"6":{"start":{"line":9,"column":8},"end":{"line":13,"column":9}},"7":{"start":{"line":10,"column":12},"end":{"line":10,"column":25}},"8":{"start":{"line":12,"column":12},"end":{"line":12,"column":24}},"9":{"start":{"line":15,"column":4},"end":{"line":15,"column":20}},"10":{"start":{"line":16,"column":4},"end":{"line":16,"column":16}},"11":{"start":{"line":17,"column":4},"end":{"line":19,"column":5}},"12":{"start":{"line":18,"column":8},"end":{"line":18,"column":26}},"13":{"start":{"line":21,"column":4},"end":{"line":25,"column":5}},"14":{"start":{"line":22,"column":8},"end":{"line":22,"column":26}},"15":{"start":{"line":23,"column":8},"end":{"line":23,"column":26}},"16":{"start":{"line":24,"column":8},"end":{"line":24,"column":27}},"17":{"start":{"line":27,"column":4},"end":{"line":43,"column":5}},"18":{"start":{"line":28,"column":8},"end":{"line":28,"column":26}},"19":{"start":{"line":29,"column":8},"end":{"line":29,"column":17}},"20":{"start":{"line":30,"column":8},"end":{"line":32,"column":9}},"21":{"start":{"line":31,"column":9},"end":{"line":31,"column":12}},"22":{"start":{"line":33,"column":8},"end":{"line":33,"column":15}},"23":{"start":{"line":34,"column":8},"end":{"line":34,"column":34}},"24":{"start":{"line":35,"column":8},"end":{"line":40,"column":9}},"25":{"start":{"line":36,"column":9},"end":{"line":39,"column":10}},"26":{"start":{"line":37,"column":13},"end":{"line":37,"column":39}},"27":{"start":{"line":38,"column":13},"end":{"line":38,"column":20}},"28":{"start":{"line":41,"column":8},"end":{"line":41,"column":28}},"29":{"start":{"line":42,"column":8},"end":{"line":42,"column":18}},"30":{"start":{"line":45,"column":4},"end":{"line":94,"column":14}},"31":{"start":{"line":46,"column":8},"end":{"line":46,"column":29}},"32":{"start":{"line":47,"column":8},"end":{"line":47,"column":23}},"33":{"start":{"line":48,"column":8},"end":{"line":48,"column":27}},"34":{"start":{"line":49,"column":8},"end":{"line":55,"column":9}},"35":{"start":{"line":50,"column":9},"end":{"line":50,"column":21}},"36":{"start":{"line":51,"column":9},"end":{"line":51,"column":28}},"37":{"start":{"line":52,"column":9},"end":{"line":52,"column":28}},"38":{"start":{"line":53,"column":9},"end":{"line":53,"column":28}},"39":{"start":{"line":54,"column":9},"end":{"line":54,"column":42}},"40":{"start":{"line":56,"column":8},"end":{"line":62,"column":9}},"41":{"start":{"line":57,"column":9},"end":{"line":57,"column":21}},"42":{"start":{"line":58,"column":9},"end":{"line":58,"column":28}},"43":{"start":{"line":59,"column":9},"end":{"line":59,"column":28}},"44":{"start":{"line":60,"column":9},"end":{"line":60,"column":28}},"45":{"start":{"line":61,"column":9},"end":{"line":61,"column":27}},"46":{"start":{"line":63,"column":8},"end":{"line":63,"column":21}},"47":{"start":{"line":64,"column":8},"end":{"line":71,"column":9}},"48":{"start":{"line":65,"column":9},"end":{"line":65,"column":56}},"49":{"start":{"line":66,"column":9},"end":{"line":66,"column":30}},"50":{"start":{"line":67,"column":9},"end":{"line":67,"column":30}},"51":{"start":{"line":68,"column":9},"end":{"line":68,"column":30}},"52":{"start":{"line":69,"column":9},"end":{"line":69,"column":30}},"53":{"start":{"line":70,"column":9},"end":{"line":70,"column":63}},"54":{"start":{"line":72,"column":8},"end":{"line":72,"column":25}},"55":{"start":{"line":74,"column":5},"end":{"line":92,"column":15}},"56":{"start":{"line":75,"column":6},"end":{"line":90,"column":7}},"57":{"start":{"line":76,"column":7},"end":{"line":76,"column":34}},"58":{"start":{"line":77,"column":7},"end":{"line":77,"column":22}},"59":{"start":{"line":78,"column":7},"end":{"line":78,"column":20}},"60":{"start":{"line":79,"column":7},"end":{"line":87,"column":8}},"61":{"start":{"line":80,"column":8},"end":{"line":84,"column":9}},"62":{"start":{"line":81,"column":9},"end":{"line":81,"column":26}},"63":{"start":{"line":83,"column":9},"end":{"line":83,"column":26}},"64":{"start":{"line":85,"column":8},"end":{"line":85,"column":24}},"65":{"start":{"line":86,"column":8},"end":{"line":86,"column":37}},"66":{"start":{"line":88,"column":7},"end":{"line":88,"column":33}},"67":{"start":{"line":89,"column":7},"end":{"line":89,"column":30}}},"branchMap":{"1":{"line":9,"type":"if","locations":[{"start":{"line":9,"column":8},"end":{"line":9,"column":8}},{"start":{"line":9,"column":8},"end":{"line":9,"column":8}}]},"2":{"line":36,"type":"if","locations":[{"start":{"line":36,"column":9},"end":{"line":36,"column":9}},{"start":{"line":36,"column":9},"end":{"line":36,"column":9}}]},"3":{"line":36,"type":"binary-expr","locations":[{"start":{"line":36,"column":12},"end":{"line":36,"column":38}},{"start":{"line":36,"column":42},"end":{"line":36,"column":62}}]},"4":{"line":80,"type":"if","locations":[{"start":{"line":80,"column":8},"end":{"line":80,"column":8}},{"start":{"line":80,"column":8},"end":{"line":80,"column":8}}]}}}}