TN:
SF:/Users/liuhuizhi/Desktop/Huffman/huffman.js
FN:8,(anonymous_1)
FNF:1
FNH:1
FNDA:47,(anonymous_1)
DA:2,1
DA:4,1
DA:6,1
DA:7,1
DA:8,1
DA:9,47
DA:10,20
DA:12,27
DA:15,1
DA:16,1
DA:17,1
DA:18,20
DA:21,1
DA:22,46
DA:23,46
DA:24,46
DA:27,1
DA:28,92
DA:29,92
DA:30,92
DA:31,3562
DA:33,92
DA:34,92
DA:35,92
DA:36,2832
DA:37,35
DA:38,35
DA:41,92
DA:42,92
DA:45,1
DA:46,1
DA:47,1
DA:48,1
DA:49,1
DA:50,47
DA:51,47
DA:52,47
DA:53,47
DA:54,47
DA:56,1
DA:57,46
DA:58,46
DA:59,46
DA:60,46
DA:61,46
DA:63,1
DA:64,1
DA:65,46
DA:66,46
DA:67,46
DA:68,46
DA:69,46
DA:70,46
DA:72,1
DA:74,1
DA:75,1
DA:76,47
DA:77,47
DA:78,47
DA:79,47
DA:80,278
DA:81,121
DA:83,157
DA:85,278
DA:86,278
DA:88,47
DA:89,47
LF:67
LH:67
BRDA:9,1,0,20
BRDA:9,1,1,27
BRDA:36,2,0,35
BRDA:36,2,1,2797
BRDA:36,3,0,2832
BRDA:36,3,1,416
BRDA:80,4,0,121
BRDA:80,4,1,157
BRF:8
BRH:8
end_of_record
